<?xml version="1.0" encoding="utf-8"?><testsuites name="pytest tests"><testsuite name="pytest" errors="0" failures="0" skipped="0" tests="8" time="16.836" timestamp="2026-09-23T22:30:23.855964+00:00" hostname="agent-env-7bff8695-27fb-47b2-980d-8d5b4771ba1b"><testcase classname="tests.test_iteration2.TestAutoAnswerFlow" name="test_auto_answer_produces_dated_plan" time="14.164" /><testcase classname="tests.test_iteration2.TestGuestChat" name="test_guest_stream_no_auth_multi_goal_autoanswer" time="15.089" /><testcase classname="tests.test_iteration2.TestAutoAnswerFlow" name="test_confirm_goal_with_target_date_persists" time="0.185" /><testcase classname="tests.test_iteration2.TestAutoAnswerFlow" name="test_confirm_milestone_persists" time="1.709" /><testcase classname="tests.test_iteration2.TestGuestChat" name="test_guest_stream_ignores_auth_context" time="0.297" /><testcase classname="tests.test_iteration2.TestGuestChat" name="test_authed_stream_requires_auth" time="0.151" /><testcase classname="tests.test_iteration2.TestGuestChat" name="test_tools_confirm_requires_auth" time="0.841" /><testcase classname="tests.test_iteration2.TestStateShapeV2" name="test_state_has_milestones_key" time="0.146" /></testsuite></testsuites>