<?xml version="1.0" encoding="utf-8"?><testsuites name="pytest tests"><testsuite name="pytest" errors="0" failures="0" skipped="0" tests="20" time="17.662" timestamp="2026-09-23T22:52:26.722565+00:00" hostname="agent-env-7bff8695-27fb-47b2-980d-8d5b4771ba1b"><testcase classname="tests.test_iteration3.TestGuest" name="test_create_guest_sets_cookie_and_returns_is_guest" time="0.218" /><testcase classname="tests.test_iteration3.TestSources" name="test_upload_txt_file" time="0.446" /><testcase classname="tests.test_iteration3.TestGuest" name="test_guest_me_returns_guest_user" time="0.327" /><testcase classname="tests.test_iteration3.TestSources" name="test_list_sources_contains_uploaded" time="0.151" /><testcase classname="tests.test_iteration3.TestGuest" name="test_guest_can_get_state" time="0.342" /><testcase classname="tests.test_iteration3.TestSources" name="test_download_file_source" time="0.305" /><testcase classname="tests.test_iteration3.TestGuest" name="test_guest_persists_across_requests" time="0.419" /><testcase classname="tests.test_iteration3.TestSources" name="test_add_link_source" time="0.296" /><testcase classname="tests.test_iteration3.TestSources" name="test_download_link_returns_url" time="0.169" /><testcase classname="tests.test_iteration3.TestBlockers" name="test_blocker_full_crud" time="1.147" /><testcase classname="tests.test_iteration3.TestSources" name="test_download_via_query_auth" time="0.285" /><testcase classname="tests.test_iteration3.TestSources" name="test_upload_requires_auth" time="0.149" /><testcase classname="tests.test_iteration3.TestSources" name="test_download_requires_auth" time="0.125" /><testcase classname="tests.test_iteration3.TestSources" name="test_upload_with_goal_id_binds_source" time="0.373" /><testcase classname="tests.test_iteration3.TestSources" name="test_delete_source_soft" time="0.561" /><testcase classname="tests.test_iteration3.TestBlockers" name="test_blockers_require_auth" time="0.144" /><testcase classname="tests.test_iteration3.TestStateSources" name="test_state_includes_sources_key" time="0.391" /><testcase classname="tests.test_iteration3.TestGuestSources" name="test_guest_can_upload_source" time="1.876" /><testcase classname="tests.test_iteration3.TestGuestChatWithSource" name="test_guest_create_goal_via_autoanswer" time="14.192" /><testcase classname="tests.test_iteration3.TestAuthSessionEndpoint" name="test_auth_session_endpoint_exists_and_rejects_bad_session_id" time="0.255" /></testsuite></testsuites>