<?xml version="1.0" encoding="utf-8"?><testsuites name="pytest tests"><testsuite name="pytest" errors="0" failures="0" skipped="0" tests="15" time="12.161" timestamp="2026-09-23T21:12:00.476321+00:00" hostname="agent-env-7bff8695-27fb-47b2-980d-8d5b4771ba1b"><testcase classname="tests.backend_test.TestAuth" name="test_me_unauthenticated" time="0.342" /><testcase classname="tests.backend_test.TestChatFlow" name="test_chat_stream_multi_goal" time="10.891" /><testcase classname="tests.backend_test.TestAuth" name="test_me_bearer" time="1.491" /><testcase classname="tests.backend_test.TestAuth" name="test_me_cookie" time="0.167" /><testcase classname="tests.backend_test.TestAuth" name="test_invalid_session" time="0.170" /><testcase classname="tests.backend_test.TestPreferences" name="test_set_valid" time="0.349" /><testcase classname="tests.backend_test.TestPreferences" name="test_set_invalid" time="0.079" /><testcase classname="tests.backend_test.TestState" name="test_state_shape" time="0.079" /><testcase classname="tests.backend_test.TestOverCommitment" name="test_seed_goals_and_escalate" time="0.102" /><testcase classname="tests.backend_test.TestChatFlow" name="test_confirm_first_proposal_persists_goal" time="0.151" /><testcase classname="tests.backend_test.TestChatFlow" name="test_reject_second_proposal" time="0.217" /><testcase classname="tests.backend_test.TestChatFlow" name="test_double_confirm_conflict" time="0.082" /><testcase classname="tests.backend_test.TestChatFlow" name="test_history_persisted" time="0.078" /><testcase classname="tests.backend_test.TestChatFlow" name="test_audit_logged" time="0.096" /><testcase classname="tests.backend_test.TestChatFlow" name="test_audit_export" time="0.082" /></testsuite></testsuites>